<?xml version="1.0" encoding="UTF-8"?>
<!-- Generated by org.testng.reporters.JUnitXMLReporter -->
<testsuite ignored="4" hostname="DESKTOP-H290O4K" failures="0" tests="2" name="chrometest" time="273.434" errors="0" timestamp="2024-03-18T18:34:29 IST">
  <testcase classname="testCases.TC_001_test" name="testCall" time="124.216"/>
  <testcase classname="testCases.TC_001_ValidateCalls" name="testCallLogs" time="120.325"/>
  <testcase classname="utilities.ExtentReportManager" name="@BeforeSuite onStart" time="0.0">
    <ignored/>
  </testcase> <!-- @BeforeSuite onStart -->
  <testcase classname="utilities.ExtentReportManager" name="@AfterSuite flush" time="0.0">
    <ignored/>
  </testcase> <!-- @AfterSuite flush -->
  <testcase classname="testCases.TC_001_test" name="testCheckIVRStatus" time="0.0">
    <ignored/>
  </testcase> <!-- testCheckIVRStatus -->
  <testcase classname="testCases.TC_001_test" name="testLogin" time="0.0">
    <ignored/>
  </testcase> <!-- testLogin -->
</testsuite> <!-- chrometest -->
