<?xml version="1.0" encoding="UTF-8"?>
<testng-results ignored="0" total="2" passed="2" failed="0" skipped="0">
  <reporter-output>
  </reporter-output>
  <suite started-at="2024-03-18T18:29:55 IST" name="Suite" finished-at="2024-03-18T18:34:29 IST" duration-ms="273434">
    <groups>
    </groups>
    <test started-at="2024-03-18T18:29:55 IST" name="chrometest" finished-at="2024-03-18T18:34:29 IST" duration-ms="273434">
      <class name="testCases.TC_001_test">
        <test-method is-config="true" signature="onStart(org.testng.ITestContext)[pri:0, instance:testCases.TC_001_test@3401a114]" started-at="2024-03-18T18:29:55 IST" name="onStart" finished-at="2024-03-18T18:29:55 IST" duration-ms="418" status="PASS">
          <params>
            <param index="0">
              <value>
                <![CDATA[org.testng.TestRunner@27a0e6ce]]>
              </value>
            </param>
          </params>
          <reporter-output>
          </reporter-output>
        </test-method> <!-- onStart -->
        <test-method is-config="true" signature="testName()[pri:0, instance:testCases.TC_001_test@3401a114]" started-at="2024-03-18T18:29:55 IST" name="testName" finished-at="2024-03-18T18:29:55 IST" duration-ms="1" status="PASS">
          <reporter-output>
          </reporter-output>
        </test-method> <!-- testName -->
        <test-method is-config="true" signature="configureAppium()[pri:0, instance:testCases.TC_001_test@3401a114]" started-at="2024-03-18T18:29:55 IST" name="configureAppium" finished-at="2024-03-18T18:30:21 IST" duration-ms="25781" status="PASS">
          <reporter-output>
          </reporter-output>
        </test-method> <!-- configureAppium -->
        <test-method signature="testCall()[pri:1, instance:testCases.TC_001_test@3401a114]" started-at="2024-03-18T18:30:21 IST" name="testCall" finished-at="2024-03-18T18:32:25 IST" duration-ms="124216" status="PASS">
          <reporter-output>
          </reporter-output>
        </test-method> <!-- testCall -->
        <test-method is-config="true" signature="tearDown()[pri:0, instance:testCases.TC_001_test@3401a114]" started-at="2024-03-18T18:32:25 IST" name="tearDown" finished-at="2024-03-18T18:32:25 IST" duration-ms="15" status="PASS">
          <reporter-output>
          </reporter-output>
        </test-method> <!-- tearDown -->
        <test-method is-config="true" signature="flush()[pri:0, instance:testCases.TC_001_test@3401a114]" started-at="2024-03-18T18:34:29 IST" name="flush" finished-at="2024-03-18T18:34:29 IST" duration-ms="636" status="PASS">
          <reporter-output>
          </reporter-output>
        </test-method> <!-- flush -->
      </class> <!-- testCases.TC_001_test -->
      <class name="testCases.TC_001_ValidateCalls">
        <test-method is-config="true" signature="testName()[pri:0, instance:testCases.TC_001_ValidateCalls@555cf22]" started-at="2024-03-18T18:29:55 IST" name="testName" finished-at="2024-03-18T18:29:55 IST" duration-ms="14" status="PASS">
          <reporter-output>
          </reporter-output>
        </test-method> <!-- testName -->
        <test-method is-config="true" signature="setup(java.lang.String)[pri:0, instance:testCases.TC_001_ValidateCalls@555cf22]" started-at="2024-03-18T18:32:25 IST" name="setup" finished-at="2024-03-18T18:32:28 IST" duration-ms="2977" status="PASS">
          <params>
            <param index="0">
              <value>
                <![CDATA[chrome]]>
              </value>
            </param>
          </params>
          <reporter-output>
          </reporter-output>
        </test-method> <!-- setup -->
        <test-method signature="testCallLogs()[pri:0, instance:testCases.TC_001_ValidateCalls@555cf22]" started-at="2024-03-18T18:32:28 IST" name="testCallLogs" finished-at="2024-03-18T18:34:29 IST" duration-ms="120325" status="PASS">
          <reporter-output>
          </reporter-output>
        </test-method> <!-- testCallLogs -->
      </class> <!-- testCases.TC_001_ValidateCalls -->
    </test> <!-- chrometest -->
  </suite> <!-- Suite -->
</testng-results>
