<?xml version="1.0" encoding="UTF-8"?>
<testng-results ignored="0" total="1" passed="1" failed="0" skipped="0">
  <reporter-output>
  </reporter-output>
  <suite started-at="2024-05-20T13:22:00 IST" name="Suite" finished-at="2024-05-20T13:25:48 IST" duration-ms="228032">
    <groups>
    </groups>
    <test started-at="2024-05-20T13:22:00 IST" name="chrometest" finished-at="2024-05-20T13:25:48 IST" duration-ms="228032">
      <class name="testCases.TC_002_LeadsClicks">
        <test-method is-config="true" signature="onStart(org.testng.ITestContext)[pri:0, instance:testCases.TC_002_LeadsClicks@35390ee3]" started-at="2024-05-20T13:22:00 IST" name="onStart" finished-at="2024-05-20T13:22:00 IST" duration-ms="167" status="PASS">
          <params>
            <param index="0">
              <value>
                <![CDATA[org.testng.TestRunner@7dbae40]]>
              </value>
            </param>
          </params>
          <reporter-output>
          </reporter-output>
        </test-method> <!-- onStart -->
        <test-method is-config="true" signature="testName()[pri:0, instance:testCases.TC_002_LeadsClicks@35390ee3]" started-at="2024-05-20T13:22:00 IST" name="testName" finished-at="2024-05-20T13:22:00 IST" duration-ms="4" status="PASS">
          <reporter-output>
          </reporter-output>
        </test-method> <!-- testName -->
        <test-method is-config="true" signature="configureAppium()[pri:0, instance:testCases.TC_002_LeadsClicks@35390ee3]" started-at="2024-05-20T13:22:00 IST" name="configureAppium" finished-at="2024-05-20T13:22:15 IST" duration-ms="15344" status="PASS">
          <reporter-output>
          </reporter-output>
        </test-method> <!-- configureAppium -->
        <test-method signature="testLeadsClicks()[pri:0, instance:testCases.TC_002_LeadsClicks@35390ee3]" started-at="2024-05-20T13:22:15 IST" name="testLeadsClicks" finished-at="2024-05-20T13:25:48 IST" duration-ms="212655" status="PASS">
          <reporter-output>
          </reporter-output>
        </test-method> <!-- testLeadsClicks -->
        <test-method is-config="true" signature="tearDown()[pri:0, instance:testCases.TC_002_LeadsClicks@35390ee3]" started-at="2024-05-20T13:25:48 IST" name="tearDown" finished-at="2024-05-20T13:25:48 IST" duration-ms="0" status="PASS">
          <reporter-output>
          </reporter-output>
        </test-method> <!-- tearDown -->
        <test-method is-config="true" signature="flush()[pri:0, instance:testCases.TC_002_LeadsClicks@35390ee3]" started-at="2024-05-20T13:25:48 IST" name="flush" finished-at="2024-05-20T13:25:48 IST" duration-ms="271" status="PASS">
          <reporter-output>
          </reporter-output>
        </test-method> <!-- flush -->
      </class> <!-- testCases.TC_002_LeadsClicks -->
    </test> <!-- chrometest -->
  </suite> <!-- Suite -->
</testng-results>
