<?xml version="1.0" encoding="UTF-8"?>
<!-- Generated by org.testng.reporters.JUnitReportReporter -->
<testsuite hostname="DESKTOP-H290O4K" failures="0" tests="3" name="testCases.TC_001_test" time="124.216" errors="0" timestamp="2024-03-18T18:34:29 IST" skipped="2">
  <testcase classname="testCases.TC_001_test" name="testCall" time="124.216"/>
  <testcase classname="testCases.TC_001_test" name="testCheckIVRStatus">
    <skipped/>
  </testcase> <!-- testCheckIVRStatus -->
  <testcase classname="testCases.TC_001_test" name="testLogin">
    <skipped/>
  </testcase> <!-- testLogin -->
</testsuite> <!-- testCases.TC_001_test -->
